# JRE version: OpenJDK Runtime Environment (21.0.6) (build 21.0.6+-13368085-b895.109)
# Java VM: OpenJDK 64-Bit Server VM (21.0.6+-13368085-b895.109, mixed mode, tiered, compressed oops, compressed class ptrs, g1 gc, windows-amd64)
GC Precious Log:
 CardTable entry size: 512
 Card Set container configuration: InlinePtr #cards 5 size 8 Array Of Cards #cards 12 size 40 Howl #buckets 4 coarsen threshold 1843 Howl Bitmap #cards 512 size 80 coarsen threshold 460 Card regions per heap region 1 cards per card region 2048
 CPUs: 4 total, 4 available
 Memory: 3961M
 Large Page Support: Disabled
 NUMA Support: Disabled
 Compressed Oops: Enabled (32-bit)
 Heap Region Size: 1M
 Heap Min Capacity: 8M
 Heap Initial Capacity: 62M
 Heap Max Capacity: 1G
 Pre-touch: Disabled
 Parallel Workers: 4
 Concurrent Workers: 1
 Concurrent Refinement Workers: 4
 Periodic GC: Disabled
Heap:
 garbage-first heap   total 76800K, used 31040K [0x00000000c0000000, 0x0000000100000000)
  region size 1024K, 8 young (8192K), 3 survivors (3072K)
 Metaspace       used 35823K, committed 36736K, reserved 278528K
  class space    used 4806K, committed 5248K, reserved 212992K
GC Heap History (18 events):
Event: 0.470 GC heap before
{Heap before GC invocations=0 (full 0):
 garbage-first heap   total 63488K, used 13312K [0x00000000c0000000, 0x0000000100000000)
  region size 1024K, 13 young (13312K), 0 survivors (0K)
 Metaspace       used 7437K, committed 7552K, reserved 278528K
  class space    used 669K, committed 704K, reserved 212992K
}
Event: 0.474 GC heap after
{Heap after GC invocations=1 (full 0):
 garbage-first heap   total 63488K, used 1344K [0x00000000c0000000, 0x0000000100000000)
  region size 1024K, 2 young (2048K), 2 survivors (2048K)
 Metaspace       used 7437K, committed 7552K, reserved 278528K
  class space    used 669K, committed 704K, reserved 212992K
}
Event: 1.399 GC heap before
{Heap before GC invocations=1 (full 0):
 garbage-first heap   total 63488K, used 28992K [0x00000000c0000000, 0x0000000100000000)
  region size 1024K, 26 young (26624K), 2 survivors (2048K)
 Metaspace       used 11662K, committed 11776K, reserved 278528K
  class space    used 1216K, committed 1280K, reserved 212992K
}
Event: 1.406 GC heap after
{Heap after GC invocations=2 (full 0):
 garbage-first heap   total 63488K, used 11554K [0x00000000c0000000, 0x0000000100000000)
  region size 1024K, 4 young (4096K), 4 survivors (4096K)
 Metaspace       used 11662K, committed 11776K, reserved 278528K
  class space    used 1216K, committed 1280K, reserved 212992K
}
Event: 1.881 GC heap before
{Heap before GC invocations=2 (full 0):
 garbage-first heap   total 63488K, used 42274K [0x00000000c0000000, 0x0000000100000000)
  region size 1024K, 34 young (34816K), 4 survivors (4096K)
 Metaspace       used 12134K, committed 12352K, reserved 278528K
  class space    used 1265K, committed 1408K, reserved 212992K
}
Event: 1.889 GC heap after
{Heap after GC invocations=3 (full 0):
 garbage-first heap   total 63488K, used 12578K [0x00000000c0000000, 0x0000000100000000)
  region size 1024K, 1 young (1024K), 1 survivors (1024K)
 Metaspace       used 12134K, committed 12352K, reserved 278528K
  class space    used 1265K, committed 1408K, reserved 212992K
}
Event: 2.571 GC heap before
{Heap before GC invocations=3 (full 0):
 garbage-first heap   total 63488K, used 45346K [0x00000000c0000000, 0x0000000100000000)
  region size 1024K, 32 young (32768K), 1 survivors (1024K)
 Metaspace       used 14360K, committed 14592K, reserved 278528K
  class space    used 1564K, committed 1664K, reserved 212992K
}
Event: 2.578 GC heap after
{Heap after GC invocations=4 (full 0):
 garbage-first heap   total 63488K, used 18432K [0x00000000c0000000, 0x0000000100000000)
  region size 1024K, 4 young (4096K), 4 survivors (4096K)
 Metaspace       used 14360K, committed 14592K, reserved 278528K
  class space    used 1564K, committed 1664K, reserved 212992K
}
Event: 3.594 GC heap before
{Heap before GC invocations=4 (full 0):
 garbage-first heap   total 63488K, used 39936K [0x00000000c0000000, 0x0000000100000000)
  region size 1024K, 26 young (26624K), 4 survivors (4096K)
 Metaspace       used 21166K, committed 21504K, reserved 278528K
  class space    used 2430K, committed 2624K, reserved 212992K
}
Event: 3.602 GC heap after
{Heap after GC invocations=5 (full 0):
 garbage-first heap   total 63488K, used 21281K [0x00000000c0000000, 0x0000000100000000)
  region size 1024K, 3 young (3072K), 3 survivors (3072K)
 Metaspace       used 21166K, committed 21504K, reserved 278528K
  class space    used 2430K, committed 2624K, reserved 212992K
}
Event: 4.219 GC heap before
{Heap before GC invocations=6 (full 0):
 garbage-first heap   total 63488K, used 46881K [0x00000000c0000000, 0x0000000100000000)
  region size 1024K, 29 young (29696K), 3 survivors (3072K)
 Metaspace       used 26183K, committed 26624K, reserved 278528K
  class space    used 3194K, committed 3392K, reserved 212992K
}
Event: 4.226 GC heap after
{Heap after GC invocations=7 (full 0):
 garbage-first heap   total 63488K, used 22768K [0x00000000c0000000, 0x0000000100000000)
  region size 1024K, 2 young (2048K), 2 survivors (2048K)
 Metaspace       used 26183K, committed 26624K, reserved 278528K
  class space    used 3194K, committed 3392K, reserved 212992K
}
Event: 4.853 GC heap before
{Heap before GC invocations=7 (full 0):
 garbage-first heap   total 63488K, used 50416K [0x00000000c0000000, 0x0000000100000000)
  region size 1024K, 29 young (29696K), 2 survivors (2048K)
 Metaspace       used 29813K, committed 30400K, reserved 278528K
  class space    used 3800K, committed 4096K, reserved 212992K
}
Event: 4.860 GC heap after
{Heap after GC invocations=8 (full 0):
 garbage-first heap   total 63488K, used 24542K [0x00000000c0000000, 0x0000000100000000)
  region size 1024K, 4 young (4096K), 4 survivors (4096K)
 Metaspace       used 29813K, committed 30400K, reserved 278528K
  class space    used 3800K, committed 4096K, reserved 212992K
}
Event: 5.536 GC heap before
{Heap before GC invocations=8 (full 0):
 garbage-first heap   total 63488K, used 51166K [0x00000000c0000000, 0x0000000100000000)
  region size 1024K, 30 young (30720K), 4 survivors (4096K)
 Metaspace       used 33776K, committed 34624K, reserved 278528K
  class space    used 4446K, committed 4864K, reserved 212992K
}
Event: 5.543 GC heap after
{Heap after GC invocations=9 (full 0):
 garbage-first heap   total 63488K, used 26126K [0x00000000c0000000, 0x0000000100000000)
  region size 1024K, 4 young (4096K), 4 survivors (4096K)
 Metaspace       used 33776K, committed 34624K, reserved 278528K
  class space    used 4446K, committed 4864K, reserved 212992K
}
Event: 5.830 GC heap before
{Heap before GC invocations=9 (full 0):
 garbage-first heap   total 63488K, used 39438K [0x00000000c0000000, 0x0000000100000000)
  region size 1024K, 18 young (18432K), 4 survivors (4096K)
 Metaspace       used 35289K, committed 36160K, reserved 278528K
  class space    used 4716K, committed 5184K, reserved 212992K
}
Event: 5.837 GC heap after
{Heap after GC invocations=10 (full 0):
 garbage-first heap   total 76800K, used 26944K [0x00000000c0000000, 0x0000000100000000)
  region size 1024K, 3 young (3072K), 3 survivors (3072K)
 Metaspace       used 35289K, committed 36160K, reserved 278528K
  class space    used 4716K, committed 5184K, reserved 212992K
}

