# JRE version: OpenJDK Runtime Environment (21.0.6) (build 21.0.6+-13368085-b895.109)
# Java VM: OpenJDK 64-Bit Server VM (21.0.6+-13368085-b895.109, mixed mode, tiered, compressed oops, compressed class ptrs, g1 gc, windows-amd64)
GC Precious Log:
 CardTable entry size: 512
 Card Set container configuration: InlinePtr #cards 4 size 8 Array Of Cards #cards 32 size 80 Howl #buckets 8 coarsen threshold 7372 Howl Bitmap #cards 1024 size 144 coarsen threshold 921 Card regions per heap region 1 cards per card region 8192
 CPUs: 4 total, 4 available
 Memory: 3961M
 Large Page Support: Disabled
 NUMA Support: Disabled
 Compressed Oops: Enabled (Zero based)
 Heap Region Size: 4M
 Heap Min Capacity: 8M
 Heap Initial Capacity: 64M
 Heap Max Capacity: 8G
 Pre-touch: Disabled
 Parallel Workers: 4
 Concurrent Workers: 1
 Concurrent Refinement Workers: 4
 Periodic GC: Disabled
Heap:
 garbage-first heap   total 122880K, used 74385K [0x0000000600000000, 0x0000000800000000)
  region size 4096K, 2 young (8192K), 2 survivors (8192K)
 Metaspace       used 95229K, committed 97280K, reserved 1179648K
  class space    used 13168K, committed 14208K, reserved 1048576K
GC Heap History (20 events):
Event: 15.592 GC heap after
{Heap after GC invocations=25 (full 0):
 garbage-first heap   total 98304K, used 49912K [0x0000000600000000, 0x0000000800000000)
  region size 4096K, 2 young (8192K), 2 survivors (8192K)
 Metaspace       used 70891K, committed 72704K, reserved 1114112K
  class space    used 9702K, committed 10624K, reserved 1048576K
}
Event: 16.244 GC heap before
{Heap before GC invocations=26 (full 0):
 garbage-first heap   total 98304K, used 78584K [0x0000000600000000, 0x0000000800000000)
  region size 4096K, 9 young (36864K), 2 survivors (8192K)
 Metaspace       used 74038K, committed 75840K, reserved 1114112K
  class space    used 10133K, committed 11008K, reserved 1048576K
}
Event: 16.250 GC heap after
{Heap after GC invocations=27 (full 0):
 garbage-first heap   total 98304K, used 55352K [0x0000000600000000, 0x0000000800000000)
  region size 4096K, 2 young (8192K), 2 survivors (8192K)
 Metaspace       used 74038K, committed 75840K, reserved 1114112K
  class space    used 10133K, committed 11008K, reserved 1048576K
}
Event: 16.857 GC heap before
{Heap before GC invocations=27 (full 0):
 garbage-first heap   total 98304K, used 75832K [0x0000000600000000, 0x0000000800000000)
  region size 4096K, 7 young (28672K), 2 survivors (8192K)
 Metaspace       used 76990K, committed 78784K, reserved 1179648K
  class space    used 10494K, committed 11392K, reserved 1048576K
}
Event: 16.862 GC heap after
{Heap after GC invocations=28 (full 0):
 garbage-first heap   total 98304K, used 57150K [0x0000000600000000, 0x0000000800000000)
  region size 4096K, 1 young (4096K), 1 survivors (4096K)
 Metaspace       used 76990K, committed 78784K, reserved 1179648K
  class space    used 10494K, committed 11392K, reserved 1048576K
}
Event: 17.498 GC heap before
{Heap before GC invocations=29 (full 0):
 garbage-first heap   total 102400K, used 81726K [0x0000000600000000, 0x0000000800000000)
  region size 4096K, 7 young (28672K), 1 survivors (4096K)
 Metaspace       used 78912K, committed 80704K, reserved 1179648K
  class space    used 10793K, committed 11712K, reserved 1048576K
}
Event: 17.503 GC heap after
{Heap after GC invocations=30 (full 0):
 garbage-first heap   total 102400K, used 57929K [0x0000000600000000, 0x0000000800000000)
  region size 4096K, 1 young (4096K), 1 survivors (4096K)
 Metaspace       used 78912K, committed 80704K, reserved 1179648K
  class space    used 10793K, committed 11712K, reserved 1048576K
}
Event: 18.150 GC heap before
{Heap before GC invocations=30 (full 0):
 garbage-first heap   total 102400K, used 90697K [0x0000000600000000, 0x0000000800000000)
  region size 4096K, 8 young (32768K), 1 survivors (4096K)
 Metaspace       used 80860K, committed 82688K, reserved 1179648K
  class space    used 11056K, committed 11968K, reserved 1048576K
}
Event: 18.159 GC heap after
{Heap after GC invocations=31 (full 0):
 garbage-first heap   total 102400K, used 63049K [0x0000000600000000, 0x0000000800000000)
  region size 4096K, 1 young (4096K), 1 survivors (4096K)
 Metaspace       used 80860K, committed 82688K, reserved 1179648K
  class space    used 11056K, committed 11968K, reserved 1048576K
}
Event: 18.589 GC heap before
{Heap before GC invocations=31 (full 0):
 garbage-first heap   total 102400K, used 87625K [0x0000000600000000, 0x0000000800000000)
  region size 4096K, 7 young (28672K), 1 survivors (4096K)
 Metaspace       used 82440K, committed 84288K, reserved 1179648K
  class space    used 11286K, committed 12224K, reserved 1048576K
}
Event: 18.595 GC heap after
{Heap after GC invocations=32 (full 0):
 garbage-first heap   total 102400K, used 64320K [0x0000000600000000, 0x0000000800000000)
  region size 4096K, 1 young (4096K), 1 survivors (4096K)
 Metaspace       used 82440K, committed 84288K, reserved 1179648K
  class space    used 11286K, committed 12224K, reserved 1048576K
}
Event: 19.344 GC heap before
{Heap before GC invocations=33 (full 0):
 garbage-first heap   total 118784K, used 84800K [0x0000000600000000, 0x0000000800000000)
  region size 4096K, 6 young (24576K), 1 survivors (4096K)
 Metaspace       used 83712K, committed 85568K, reserved 1179648K
  class space    used 11469K, committed 12416K, reserved 1048576K
}
Event: 19.350 GC heap after
{Heap after GC invocations=34 (full 0):
 garbage-first heap   total 118784K, used 65716K [0x0000000600000000, 0x0000000800000000)
  region size 4096K, 1 young (4096K), 1 survivors (4096K)
 Metaspace       used 83712K, committed 85568K, reserved 1179648K
  class space    used 11469K, committed 12416K, reserved 1048576K
}
Event: 20.736 GC heap before
{Heap before GC invocations=34 (full 0):
 garbage-first heap   total 118784K, used 98484K [0x0000000600000000, 0x0000000800000000)
  region size 4096K, 10 young (40960K), 1 survivors (4096K)
 Metaspace       used 86463K, committed 88320K, reserved 1179648K
  class space    used 11847K, committed 12800K, reserved 1048576K
}
Event: 20.745 GC heap after
{Heap after GC invocations=35 (full 0):
 garbage-first heap   total 118784K, used 68378K [0x0000000600000000, 0x0000000800000000)
  region size 4096K, 2 young (8192K), 2 survivors (8192K)
 Metaspace       used 86463K, committed 88320K, reserved 1179648K
  class space    used 11847K, committed 12800K, reserved 1048576K
}
Event: 22.041 GC heap before
{Heap before GC invocations=35 (full 0):
 garbage-first heap   total 118784K, used 97050K [0x0000000600000000, 0x0000000800000000)
  region size 4096K, 9 young (36864K), 2 survivors (8192K)
 Metaspace       used 89181K, committed 91008K, reserved 1179648K
  class space    used 12341K, committed 13248K, reserved 1048576K
}
Event: 22.065 GC heap after
{Heap after GC invocations=36 (full 0):
 garbage-first heap   total 118784K, used 70746K [0x0000000600000000, 0x0000000800000000)
  region size 4096K, 2 young (8192K), 2 survivors (8192K)
 Metaspace       used 89181K, committed 91008K, reserved 1179648K
  class space    used 12341K, committed 13248K, reserved 1048576K
}
Event: 23.426 GC heap before
{Heap before GC invocations=37 (full 0):
 garbage-first heap   total 122880K, used 95322K [0x0000000600000000, 0x0000000800000000)
  region size 4096K, 9 young (36864K), 2 survivors (8192K)
 Metaspace       used 91345K, committed 93248K, reserved 1179648K
  class space    used 12635K, committed 13568K, reserved 1048576K
}
Event: 23.439 GC heap after
{Heap after GC invocations=38 (full 0):
 garbage-first heap   total 122880K, used 72927K [0x0000000600000000, 0x0000000800000000)
  region size 4096K, 2 young (8192K), 2 survivors (8192K)
 Metaspace       used 91345K, committed 93248K, reserved 1179648K
  class space    used 12635K, committed 13568K, reserved 1048576K
}
Event: 31.663 GC heap before
{Heap before GC invocations=38 (full 0):
 garbage-first heap   total 122880K, used 97503K [0x0000000600000000, 0x0000000800000000)
  region size 4096K, 9 young (36864K), 2 survivors (8192K)
 Metaspace       used 95229K, committed 97280K, reserved 1179648K
  class space    used 13168K, committed 14208K, reserved 1048576K
}

