# JRE version: OpenJDK Runtime Environment (21.0.6) (build 21.0.6+-13368085-b895.109)
# Java VM: OpenJDK 64-Bit Server VM (21.0.6+-13368085-b895.109, mixed mode, tiered, compressed oops, compressed class ptrs, g1 gc, windows-amd64)
GC Precious Log:
 CardTable entry size: 512
 Card Set container configuration: InlinePtr #cards 5 size 8 Array Of Cards #cards 12 size 40 Howl #buckets 4 coarsen threshold 1843 Howl Bitmap #cards 512 size 80 coarsen threshold 460 Card regions per heap region 1 cards per card region 2048
 CPUs: 4 total, 4 available
 Memory: 3961M
 Large Page Support: Disabled
 NUMA Support: Disabled
 Compressed Oops: Enabled (32-bit)
 Heap Region Size: 1M
 Heap Min Capacity: 8M
 Heap Initial Capacity: 62M
 Heap Max Capacity: 1G
 Pre-touch: Disabled
 Parallel Workers: 4
 Concurrent Workers: 1
 Concurrent Refinement Workers: 4
 Periodic GC: Disabled
Heap:
 garbage-first heap   total 86016K, used 83912K [0x00000000c0000000, 0x0000000100000000)
  region size 1024K, 25 young (25600K), 1 survivors (1024K)
 Metaspace       used 79066K, committed 80640K, reserved 344064K
  class space    used 10869K, committed 11648K, reserved 212992K
GC Heap History (20 events):
Event: 9.998 GC heap after
{Heap after GC invocations=17 (full 0):
 garbage-first heap   total 76800K, used 36419K [0x00000000c0000000, 0x0000000100000000)
  region size 1024K, 3 young (3072K), 3 survivors (3072K)
 Metaspace       used 50461K, committed 51904K, reserved 278528K
  class space    used 6845K, committed 7552K, reserved 212992K
}
Event: 10.381 GC heap before
{Heap before GC invocations=17 (full 0):
 garbage-first heap   total 76800K, used 67139K [0x00000000c0000000, 0x0000000100000000)
  region size 1024K, 33 young (33792K), 3 survivors (3072K)
 Metaspace       used 51989K, committed 53504K, reserved 278528K
  class space    used 7102K, committed 7872K, reserved 212992K
}
Event: 10.388 GC heap after
{Heap after GC invocations=18 (full 0):
 garbage-first heap   total 76800K, used 37222K [0x00000000c0000000, 0x0000000100000000)
  region size 1024K, 4 young (4096K), 4 survivors (4096K)
 Metaspace       used 51989K, committed 53504K, reserved 278528K
  class space    used 7102K, committed 7872K, reserved 212992K
}
Event: 10.732 GC heap before
{Heap before GC invocations=18 (full 0):
 garbage-first heap   total 76800K, used 49510K [0x00000000c0000000, 0x0000000100000000)
  region size 1024K, 17 young (17408K), 4 survivors (4096K)
 Metaspace       used 53399K, committed 54976K, reserved 278528K
  class space    used 7339K, committed 8128K, reserved 212992K
}
Event: 10.738 GC heap after
{Heap after GC invocations=19 (full 0):
 garbage-first heap   total 76800K, used 38759K [0x00000000c0000000, 0x0000000100000000)
  region size 1024K, 2 young (2048K), 2 survivors (2048K)
 Metaspace       used 53399K, committed 54976K, reserved 278528K
  class space    used 7339K, committed 8128K, reserved 212992K
}
Event: 11.807 GC heap before
{Heap before GC invocations=20 (full 0):
 garbage-first heap   total 76800K, used 69479K [0x00000000c0000000, 0x0000000100000000)
  region size 1024K, 31 young (31744K), 2 survivors (2048K)
 Metaspace       used 59238K, committed 60800K, reserved 278528K
  class space    used 8468K, committed 9216K, reserved 212992K
}
Event: 11.812 GC heap after
{Heap after GC invocations=21 (full 0):
 garbage-first heap   total 76800K, used 38472K [0x00000000c0000000, 0x0000000100000000)
  region size 1024K, 3 young (3072K), 3 survivors (3072K)
 Metaspace       used 59238K, committed 60800K, reserved 278528K
  class space    used 8468K, committed 9216K, reserved 212992K
}
Event: 12.574 GC heap before
{Heap before GC invocations=21 (full 0):
 garbage-first heap   total 76800K, used 67144K [0x00000000c0000000, 0x0000000100000000)
  region size 1024K, 31 young (31744K), 3 survivors (3072K)
 Metaspace       used 62699K, committed 64320K, reserved 278528K
  class space    used 8927K, committed 9728K, reserved 212992K
}
Event: 12.579 GC heap after
{Heap after GC invocations=22 (full 0):
 garbage-first heap   total 76800K, used 38465K [0x00000000c0000000, 0x0000000100000000)
  region size 1024K, 2 young (2048K), 2 survivors (2048K)
 Metaspace       used 62699K, committed 64320K, reserved 278528K
  class space    used 8927K, committed 9728K, reserved 212992K
}
Event: 13.237 GC heap before
{Heap before GC invocations=22 (full 0):
 garbage-first heap   total 76800K, used 69185K [0x00000000c0000000, 0x0000000100000000)
  region size 1024K, 32 young (32768K), 2 survivors (2048K)
 Metaspace       used 67301K, committed 68864K, reserved 278528K
  class space    used 9479K, committed 10240K, reserved 212992K
}
Event: 13.242 GC heap after
{Heap after GC invocations=23 (full 0):
 garbage-first heap   total 76800K, used 39507K [0x00000000c0000000, 0x0000000100000000)
  region size 1024K, 3 young (3072K), 3 survivors (3072K)
 Metaspace       used 67301K, committed 68864K, reserved 278528K
  class space    used 9479K, committed 10240K, reserved 212992K
}
Event: 13.907 GC heap before
{Heap before GC invocations=24 (full 0):
 garbage-first heap   total 76800K, used 68179K [0x00000000c0000000, 0x0000000100000000)
  region size 1024K, 31 young (31744K), 3 survivors (3072K)
 Metaspace       used 71555K, committed 73152K, reserved 278528K
  class space    used 10027K, committed 10816K, reserved 212992K
}
Event: 13.913 GC heap after
{Heap after GC invocations=25 (full 0):
 garbage-first heap   total 76800K, used 39921K [0x00000000c0000000, 0x0000000100000000)
  region size 1024K, 3 young (3072K), 3 survivors (3072K)
 Metaspace       used 71555K, committed 73152K, reserved 278528K
  class space    used 10027K, committed 10816K, reserved 212992K
}
Event: 14.258 GC heap before
{Heap before GC invocations=25 (full 0):
 garbage-first heap   total 76800K, used 73713K [0x00000000c0000000, 0x0000000100000000)
  region size 1024K, 30 young (30720K), 3 survivors (3072K)
 Metaspace       used 73058K, committed 74624K, reserved 278528K
  class space    used 10199K, committed 10944K, reserved 212992K
}
Event: 14.270 GC heap after
{Heap after GC invocations=26 (full 0):
 garbage-first heap   total 83968K, used 52150K [0x00000000c0000000, 0x0000000100000000)
  region size 1024K, 4 young (4096K), 4 survivors (4096K)
 Metaspace       used 73058K, committed 74624K, reserved 278528K
  class space    used 10199K, committed 10944K, reserved 212992K
}
Event: 14.503 GC heap before
{Heap before GC invocations=26 (full 0):
 garbage-first heap   total 83968K, used 74678K [0x00000000c0000000, 0x0000000100000000)
  region size 1024K, 26 young (26624K), 4 survivors (4096K)
 Metaspace       used 73649K, committed 75264K, reserved 278528K
  class space    used 10251K, committed 11008K, reserved 212992K
}
Event: 14.519 GC heap after
{Heap after GC invocations=27 (full 0):
 garbage-first heap   total 84992K, used 50807K [0x00000000c0000000, 0x0000000100000000)
  region size 1024K, 4 young (4096K), 4 survivors (4096K)
 Metaspace       used 73649K, committed 75264K, reserved 278528K
  class space    used 10251K, committed 11008K, reserved 212992K
}
Event: 15.001 GC heap before
{Heap before GC invocations=28 (full 0):
 garbage-first heap   total 86016K, used 73335K [0x00000000c0000000, 0x0000000100000000)
  region size 1024K, 26 young (26624K), 4 survivors (4096K)
 Metaspace       used 76844K, committed 78464K, reserved 344064K
  class space    used 10630K, committed 11392K, reserved 212992K
}
Event: 15.008 GC heap after
{Heap after GC invocations=29 (full 0):
 garbage-first heap   total 86016K, used 52168K [0x00000000c0000000, 0x0000000100000000)
  region size 1024K, 1 young (1024K), 1 survivors (1024K)
 Metaspace       used 76844K, committed 78464K, reserved 344064K
  class space    used 10630K, committed 11392K, reserved 212992K
}
Event: 15.440 GC heap before
{Heap before GC invocations=29 (full 0):
 garbage-first heap   total 86016K, used 82888K [0x00000000c0000000, 0x0000000100000000)
  region size 1024K, 25 young (25600K), 1 survivors (1024K)
 Metaspace       used 79066K, committed 80640K, reserved 344064K
  class space    used 10869K, committed 11648K, reserved 212992K
}

