# JRE version: OpenJDK Runtime Environment (21.0.6) (build 21.0.6+-13368085-b895.109)
# Java VM: OpenJDK 64-Bit Server VM (21.0.6+-13368085-b895.109, mixed mode, tiered, compressed oops, compressed class ptrs, g1 gc, windows-amd64)
GC Precious Log:
 CardTable entry size: 512
 Card Set container configuration: InlinePtr #cards 4 size 8 Array Of Cards #cards 32 size 80 Howl #buckets 8 coarsen threshold 7372 Howl Bitmap #cards 1024 size 144 coarsen threshold 921 Card regions per heap region 1 cards per card region 8192
 CPUs: 4 total, 4 available
 Memory: 3961M
 Large Page Support: Disabled
 NUMA Support: Disabled
 Compressed Oops: Enabled (Zero based)
 Heap Region Size: 4M
 Heap Min Capacity: 8M
 Heap Initial Capacity: 64M
 Heap Max Capacity: 8G
 Pre-touch: Disabled
 Parallel Workers: 4
 Concurrent Workers: 1
 Concurrent Refinement Workers: 4
 Periodic GC: Disabled
Heap:
 garbage-first heap   total 184320K, used 111850K [0x0000000600000000, 0x0000000800000000)
  region size 4096K, 2 young (8192K), 2 survivors (8192K)
 Metaspace       used 118218K, committed 120384K, reserved 1179648K
  class space    used 16193K, committed 17280K, reserved 1048576K
GC Heap History (20 events):
Event: 21.802 GC heap after
{Heap after GC invocations=38 (full 0):
 garbage-first heap   total 122880K, used 80017K [0x0000000600000000, 0x0000000800000000)
  region size 4096K, 2 young (8192K), 2 survivors (8192K)
 Metaspace       used 84716K, committed 86784K, reserved 1179648K
  class space    used 11766K, committed 12800K, reserved 1048576K
}
Event: 22.193 GC heap before
{Heap before GC invocations=39 (full 0):
 garbage-first heap   total 139264K, used 96401K [0x0000000600000000, 0x0000000800000000)
  region size 4096K, 7 young (28672K), 2 survivors (8192K)
 Metaspace       used 85260K, committed 87360K, reserved 1179648K
  class space    used 11860K, committed 12928K, reserved 1048576K
}
Event: 22.209 GC heap after
{Heap after GC invocations=40 (full 0):
 garbage-first heap   total 139264K, used 91406K [0x0000000600000000, 0x0000000800000000)
  region size 4096K, 1 young (4096K), 1 survivors (4096K)
 Metaspace       used 85260K, committed 87360K, reserved 1179648K
  class space    used 11860K, committed 12928K, reserved 1048576K
}
Event: 22.487 GC heap before
{Heap before GC invocations=40 (full 0):
 garbage-first heap   total 139264K, used 111886K [0x0000000600000000, 0x0000000800000000)
  region size 4096K, 7 young (28672K), 1 survivors (4096K)
 Metaspace       used 87128K, committed 89152K, reserved 1179648K
  class space    used 12085K, committed 13120K, reserved 1048576K
}
Event: 22.492 GC heap after
{Heap after GC invocations=41 (full 0):
 garbage-first heap   total 180224K, used 94847K [0x0000000600000000, 0x0000000800000000)
  region size 4096K, 1 young (4096K), 1 survivors (4096K)
 Metaspace       used 87128K, committed 89152K, reserved 1179648K
  class space    used 12085K, committed 13120K, reserved 1048576K
}
Event: 23.526 GC heap before
{Heap before GC invocations=42 (full 0):
 garbage-first heap   total 180224K, used 139903K [0x0000000600000000, 0x0000000800000000)
  region size 4096K, 13 young (53248K), 1 survivors (4096K)
 Metaspace       used 92318K, committed 94336K, reserved 1179648K
  class space    used 12600K, committed 13632K, reserved 1048576K
}
Event: 23.531 GC heap after
{Heap after GC invocations=43 (full 0):
 garbage-first heap   total 180224K, used 96474K [0x0000000600000000, 0x0000000800000000)
  region size 4096K, 1 young (4096K), 1 survivors (4096K)
 Metaspace       used 92318K, committed 94336K, reserved 1179648K
  class space    used 12600K, committed 13632K, reserved 1048576K
}
Event: 24.257 GC heap before
{Heap before GC invocations=43 (full 0):
 garbage-first heap   total 180224K, used 153818K [0x0000000600000000, 0x0000000800000000)
  region size 4096K, 15 young (61440K), 1 survivors (4096K)
 Metaspace       used 96543K, committed 98624K, reserved 1179648K
  class space    used 13122K, committed 14144K, reserved 1048576K
}
Event: 24.266 GC heap after
{Heap after GC invocations=44 (full 0):
 garbage-first heap   total 180224K, used 100370K [0x0000000600000000, 0x0000000800000000)
  region size 4096K, 2 young (8192K), 2 survivors (8192K)
 Metaspace       used 96543K, committed 98624K, reserved 1179648K
  class space    used 13122K, committed 14144K, reserved 1048576K
}
Event: 25.154 GC heap before
{Heap before GC invocations=44 (full 0):
 garbage-first heap   total 180224K, used 149522K [0x0000000600000000, 0x0000000800000000)
  region size 4096K, 14 young (57344K), 2 survivors (8192K)
 Metaspace       used 100661K, committed 102720K, reserved 1179648K
  class space    used 13661K, committed 14720K, reserved 1048576K
}
Event: 25.163 GC heap after
{Heap after GC invocations=45 (full 0):
 garbage-first heap   total 180224K, used 102683K [0x0000000600000000, 0x0000000800000000)
  region size 4096K, 1 young (4096K), 1 survivors (4096K)
 Metaspace       used 100661K, committed 102720K, reserved 1179648K
  class space    used 13661K, committed 14720K, reserved 1048576K
}
Event: 26.042 GC heap before
{Heap before GC invocations=46 (full 0):
 garbage-first heap   total 180224K, used 151835K [0x0000000600000000, 0x0000000800000000)
  region size 4096K, 13 young (53248K), 1 survivors (4096K)
 Metaspace       used 103811K, committed 105920K, reserved 1179648K
  class space    used 14111K, committed 15168K, reserved 1048576K
}
Event: 26.051 GC heap after
{Heap after GC invocations=47 (full 0):
 garbage-first heap   total 180224K, used 107227K [0x0000000600000000, 0x0000000800000000)
  region size 4096K, 2 young (8192K), 2 survivors (8192K)
 Metaspace       used 103811K, committed 105920K, reserved 1179648K
  class space    used 14111K, committed 15168K, reserved 1048576K
}
Event: 26.809 GC heap before
{Heap before GC invocations=47 (full 0):
 garbage-first heap   total 180224K, used 156379K [0x0000000600000000, 0x0000000800000000)
  region size 4096K, 14 young (57344K), 2 survivors (8192K)
 Metaspace       used 106673K, committed 108864K, reserved 1179648K
  class space    used 14494K, committed 15552K, reserved 1048576K
}
Event: 26.821 GC heap after
{Heap after GC invocations=48 (full 0):
 garbage-first heap   total 180224K, used 107233K [0x0000000600000000, 0x0000000800000000)
  region size 4096K, 1 young (4096K), 1 survivors (4096K)
 Metaspace       used 106673K, committed 108864K, reserved 1179648K
  class space    used 14494K, committed 15552K, reserved 1048576K
}
Event: 27.641 GC heap before
{Heap before GC invocations=48 (full 0):
 garbage-first heap   total 180224K, used 160481K [0x0000000600000000, 0x0000000800000000)
  region size 4096K, 14 young (57344K), 1 survivors (4096K)
 Metaspace       used 110956K, committed 113152K, reserved 1179648K
  class space    used 15229K, committed 16320K, reserved 1048576K
}
Event: 27.647 GC heap after
{Heap after GC invocations=49 (full 0):
 garbage-first heap   total 180224K, used 108583K [0x0000000600000000, 0x0000000800000000)
  region size 4096K, 1 young (4096K), 1 survivors (4096K)
 Metaspace       used 110956K, committed 113152K, reserved 1179648K
  class space    used 15229K, committed 16320K, reserved 1048576K
}
Event: 28.567 GC heap before
{Heap before GC invocations=50 (full 0):
 garbage-first heap   total 184320K, used 161831K [0x0000000600000000, 0x0000000800000000)
  region size 4096K, 14 young (57344K), 1 survivors (4096K)
 Metaspace       used 114519K, committed 116736K, reserved 1179648K
  class space    used 15728K, committed 16832K, reserved 1048576K
}
Event: 28.575 GC heap after
{Heap after GC invocations=51 (full 0):
 garbage-first heap   total 184320K, used 110878K [0x0000000600000000, 0x0000000800000000)
  region size 4096K, 2 young (8192K), 2 survivors (8192K)
 Metaspace       used 114519K, committed 116736K, reserved 1179648K
  class space    used 15728K, committed 16832K, reserved 1048576K
}
Event: 29.298 GC heap before
{Heap before GC invocations=51 (full 0):
 garbage-first heap   total 184320K, used 160030K [0x0000000600000000, 0x0000000800000000)
  region size 4096K, 14 young (57344K), 2 survivors (8192K)
 Metaspace       used 118218K, committed 120384K, reserved 1179648K
  class space    used 16193K, committed 17280K, reserved 1048576K
}

