# JRE version: OpenJDK Runtime Environment (21.0.6) (build 21.0.6+-13368085-b895.109)
# Java VM: OpenJDK 64-Bit Server VM (21.0.6+-13368085-b895.109, mixed mode, tiered, compressed oops, compressed class ptrs, g1 gc, windows-amd64)
GC Precious Log:
 CardTable entry size: 512
 Card Set container configuration: InlinePtr #cards 5 size 8 Array Of Cards #cards 12 size 40 Howl #buckets 4 coarsen threshold 1843 Howl Bitmap #cards 512 size 80 coarsen threshold 460 Card regions per heap region 1 cards per card region 2048
 CPUs: 4 total, 4 available
 Memory: 3961M
 Large Page Support: Disabled
 NUMA Support: Disabled
 Compressed Oops: Enabled (32-bit)
 Heap Region Size: 1M
 Heap Min Capacity: 8M
 Heap Initial Capacity: 62M
 Heap Max Capacity: 1G
 Pre-touch: Disabled
 Parallel Workers: 4
 Concurrent Workers: 1
 Concurrent Refinement Workers: 4
 Periodic GC: Disabled
Heap:
 garbage-first heap   total 551936K, used 328686K [0x00000000c0000000, 0x0000000100000000)
  region size 1024K, 2 young (2048K), 2 survivors (2048K)
 Metaspace       used 260663K, committed 262144K, reserved 475136K
  class space    used 32716K, committed 33600K, reserved 212992K
GC Heap History (20 events):
Event: 816.981 GC heap after
{Heap after GC invocations=112 (full 1):
 garbage-first heap   total 551936K, used 313268K [0x00000000c0000000, 0x0000000100000000)
  region size 1024K, 0 young (0K), 0 survivors (0K)
 Metaspace       used 260588K, committed 262144K, reserved 475136K
  class space    used 32713K, committed 33600K, reserved 212992K
}
Event: 816.983 GC heap before
{Heap before GC invocations=112 (full 1):
 garbage-first heap   total 551936K, used 313268K [0x00000000c0000000, 0x0000000100000000)
  region size 1024K, 1 young (1024K), 0 survivors (0K)
 Metaspace       used 260589K, committed 262144K, reserved 475136K
  class space    used 32715K, committed 33600K, reserved 212992K
}
Event: 816.987 GC heap after
{Heap after GC invocations=113 (full 1):
 garbage-first heap   total 551936K, used 314804K [0x00000000c0000000, 0x0000000100000000)
  region size 1024K, 2 young (2048K), 2 survivors (2048K)
 Metaspace       used 260589K, committed 262144K, reserved 475136K
  class space    used 32715K, committed 33600K, reserved 212992K
}
Event: 816.987 GC heap before
{Heap before GC invocations=113 (full 1):
 garbage-first heap   total 551936K, used 314804K [0x00000000c0000000, 0x0000000100000000)
  region size 1024K, 2 young (2048K), 2 survivors (2048K)
 Metaspace       used 260589K, committed 262144K, reserved 475136K
  class space    used 32715K, committed 33600K, reserved 212992K
}
Event: 817.280 GC heap after
{Heap after GC invocations=114 (full 2):
 garbage-first heap   total 551936K, used 313280K [0x00000000c0000000, 0x0000000100000000)
  region size 1024K, 0 young (0K), 0 survivors (0K)
 Metaspace       used 260589K, committed 262144K, reserved 475136K
  class space    used 32715K, committed 33600K, reserved 212992K
}
Event: 817.280 GC heap before
{Heap before GC invocations=114 (full 2):
 garbage-first heap   total 551936K, used 313280K [0x00000000c0000000, 0x0000000100000000)
  region size 1024K, 0 young (0K), 0 survivors (0K)
 Metaspace       used 260589K, committed 262144K, reserved 475136K
  class space    used 32715K, committed 33600K, reserved 212992K
}
Event: 817.605 GC heap after
{Heap after GC invocations=115 (full 3):
 garbage-first heap   total 551936K, used 305863K [0x00000000c0000000, 0x0000000100000000)
  region size 1024K, 0 young (0K), 0 survivors (0K)
 Metaspace       used 259808K, committed 262080K, reserved 475136K
  class space    used 32551K, committed 33600K, reserved 212992K
}
Event: 821.127 GC heap before
{Heap before GC invocations=115 (full 3):
 garbage-first heap   total 551936K, used 454343K [0x00000000c0000000, 0x0000000100000000)
  region size 1024K, 146 young (149504K), 0 survivors (0K)
 Metaspace       used 260573K, committed 262144K, reserved 475136K
  class space    used 32688K, committed 33600K, reserved 212992K
}
Event: 821.160 GC heap after
{Heap after GC invocations=116 (full 3):
 garbage-first heap   total 551936K, used 327879K [0x00000000c0000000, 0x0000000100000000)
  region size 1024K, 22 young (22528K), 22 survivors (22528K)
 Metaspace       used 260573K, committed 262144K, reserved 475136K
  class space    used 32688K, committed 33600K, reserved 212992K
}
Event: 821.160 GC heap before
{Heap before GC invocations=116 (full 3):
 garbage-first heap   total 551936K, used 327879K [0x00000000c0000000, 0x0000000100000000)
  region size 1024K, 22 young (22528K), 22 survivors (22528K)
 Metaspace       used 260573K, committed 262144K, reserved 475136K
  class space    used 32688K, committed 33600K, reserved 212992K
}
Event: 821.580 GC heap after
{Heap after GC invocations=117 (full 4):
 garbage-first heap   total 551936K, used 325513K [0x00000000c0000000, 0x0000000100000000)
  region size 1024K, 0 young (0K), 0 survivors (0K)
 Metaspace       used 260566K, committed 262144K, reserved 475136K
  class space    used 32685K, committed 33600K, reserved 212992K
}
Event: 821.580 GC heap before
{Heap before GC invocations=117 (full 4):
 garbage-first heap   total 551936K, used 325513K [0x00000000c0000000, 0x0000000100000000)
  region size 1024K, 0 young (0K), 0 survivors (0K)
 Metaspace       used 260566K, committed 262144K, reserved 475136K
  class space    used 32685K, committed 33600K, reserved 212992K
}
Event: 821.906 GC heap after
{Heap after GC invocations=118 (full 5):
 garbage-first heap   total 551936K, used 325513K [0x00000000c0000000, 0x0000000100000000)
  region size 1024K, 0 young (0K), 0 survivors (0K)
 Metaspace       used 260560K, committed 262144K, reserved 475136K
  class space    used 32684K, committed 33600K, reserved 212992K
}
Event: 823.576 GC heap before
{Heap before GC invocations=118 (full 5):
 garbage-first heap   total 551936K, used 385929K [0x00000000c0000000, 0x0000000100000000)
  region size 1024K, 60 young (61440K), 0 survivors (0K)
 Metaspace       used 260637K, committed 262144K, reserved 475136K
  class space    used 32710K, committed 33600K, reserved 212992K
}
Event: 823.585 GC heap after
{Heap after GC invocations=119 (full 5):
 garbage-first heap   total 551936K, used 330633K [0x00000000c0000000, 0x0000000100000000)
  region size 1024K, 5 young (5120K), 5 survivors (5120K)
 Metaspace       used 260637K, committed 262144K, reserved 475136K
  class space    used 32710K, committed 33600K, reserved 212992K
}
Event: 823.585 GC heap before
{Heap before GC invocations=119 (full 5):
 garbage-first heap   total 551936K, used 330633K [0x00000000c0000000, 0x0000000100000000)
  region size 1024K, 5 young (5120K), 5 survivors (5120K)
 Metaspace       used 260637K, committed 262144K, reserved 475136K
  class space    used 32710K, committed 33600K, reserved 212992K
}
Event: 823.859 GC heap after
{Heap after GC invocations=120 (full 6):
 garbage-first heap   total 551936K, used 327301K [0x00000000c0000000, 0x0000000100000000)
  region size 1024K, 0 young (0K), 0 survivors (0K)
 Metaspace       used 260637K, committed 262144K, reserved 475136K
  class space    used 32710K, committed 33600K, reserved 212992K
}
Event: 823.859 GC heap before
{Heap before GC invocations=120 (full 6):
 garbage-first heap   total 551936K, used 327301K [0x00000000c0000000, 0x0000000100000000)
  region size 1024K, 0 young (0K), 0 survivors (0K)
 Metaspace       used 260637K, committed 262144K, reserved 475136K
  class space    used 32710K, committed 33600K, reserved 212992K
}
Event: 824.139 GC heap after
{Heap after GC invocations=121 (full 7):
 garbage-first heap   total 551936K, used 327301K [0x00000000c0000000, 0x0000000100000000)
  region size 1024K, 0 young (0K), 0 survivors (0K)
 Metaspace       used 260637K, committed 262144K, reserved 475136K
  class space    used 32710K, committed 33600K, reserved 212992K
}
Event: 824.276 GC heap before
{Heap before GC invocations=121 (full 7):
 garbage-first heap   total 551936K, used 327301K [0x00000000c0000000, 0x0000000100000000)
  region size 1024K, 1 young (1024K), 0 survivors (0K)
 Metaspace       used 260663K, committed 262144K, reserved 475136K
  class space    used 32716K, committed 33600K, reserved 212992K
}

