# JRE version: OpenJDK Runtime Environment (21.0.6) (build 21.0.6+-13368085-b895.109)
# Java VM: OpenJDK 64-Bit Server VM (21.0.6+-13368085-b895.109, mixed mode, tiered, compressed oops, compressed class ptrs, g1 gc, windows-amd64)
GC Precious Log:
 CardTable entry size: 512
 Card Set container configuration: InlinePtr #cards 5 size 8 Array Of Cards #cards 12 size 40 Howl #buckets 4 coarsen threshold 1843 Howl Bitmap #cards 512 size 80 coarsen threshold 460 Card regions per heap region 1 cards per card region 2048
 CPUs: 4 total, 4 available
 Memory: 3961M
 Large Page Support: Disabled
 NUMA Support: Disabled
 Compressed Oops: Enabled (32-bit)
 Heap Region Size: 1M
 Heap Min Capacity: 8M
 Heap Initial Capacity: 62M
 Heap Max Capacity: 1G
 Pre-touch: Disabled
 Parallel Workers: 4
 Concurrent Workers: 1
 Concurrent Refinement Workers: 4
 Periodic GC: Disabled
Heap:
 garbage-first heap   total 88064K, used 54611K [0x00000000c0000000, 0x0000000100000000)
  region size 1024K, 2 young (2048K), 2 survivors (2048K)
 Metaspace       used 77329K, committed 78912K, reserved 344064K
  class space    used 10675K, committed 11456K, reserved 212992K
GC Heap History (20 events):
Event: 9.136 GC heap after
{Heap after GC invocations=17 (full 0):
 garbage-first heap   total 76800K, used 36104K [0x00000000c0000000, 0x0000000100000000)
  region size 1024K, 2 young (2048K), 2 survivors (2048K)
 Metaspace       used 48772K, committed 50176K, reserved 278528K
  class space    used 6563K, committed 7296K, reserved 212992K
}
Event: 9.659 GC heap before
{Heap before GC invocations=17 (full 0):
 garbage-first heap   total 76800K, used 67848K [0x00000000c0000000, 0x0000000100000000)
  region size 1024K, 33 young (33792K), 2 survivors (2048K)
 Metaspace       used 50677K, committed 52160K, reserved 278528K
  class space    used 6872K, committed 7616K, reserved 212992K
}
Event: 9.663 GC heap after
{Heap after GC invocations=18 (full 0):
 garbage-first heap   total 76800K, used 37194K [0x00000000c0000000, 0x0000000100000000)
  region size 1024K, 3 young (3072K), 3 survivors (3072K)
 Metaspace       used 50677K, committed 52160K, reserved 278528K
  class space    used 6872K, committed 7616K, reserved 212992K
}
Event: 10.801 GC heap before
{Heap before GC invocations=19 (full 0):
 garbage-first heap   total 76800K, used 69962K [0x00000000c0000000, 0x0000000100000000)
  region size 1024K, 33 young (33792K), 3 survivors (3072K)
 Metaspace       used 54693K, committed 56256K, reserved 278528K
  class space    used 7456K, committed 8256K, reserved 212992K
}
Event: 10.808 GC heap after
{Heap after GC invocations=20 (full 0):
 garbage-first heap   total 76800K, used 38608K [0x00000000c0000000, 0x0000000100000000)
  region size 1024K, 4 young (4096K), 4 survivors (4096K)
 Metaspace       used 54693K, committed 56256K, reserved 278528K
  class space    used 7456K, committed 8256K, reserved 212992K
}
Event: 11.293 GC heap before
{Heap before GC invocations=20 (full 0):
 garbage-first heap   total 76800K, used 67280K [0x00000000c0000000, 0x0000000100000000)
  region size 1024K, 32 young (32768K), 4 survivors (4096K)
 Metaspace       used 59774K, committed 61376K, reserved 278528K
  class space    used 8547K, committed 9344K, reserved 212992K
}
Event: 11.304 GC heap after
{Heap after GC invocations=21 (full 0):
 garbage-first heap   total 76800K, used 38735K [0x00000000c0000000, 0x0000000100000000)
  region size 1024K, 3 young (3072K), 3 survivors (3072K)
 Metaspace       used 59774K, committed 61376K, reserved 278528K
  class space    used 8547K, committed 9344K, reserved 212992K
}
Event: 11.835 GC heap before
{Heap before GC invocations=21 (full 0):
 garbage-first heap   total 76800K, used 67407K [0x00000000c0000000, 0x0000000100000000)
  region size 1024K, 31 young (31744K), 3 survivors (3072K)
 Metaspace       used 63295K, committed 64896K, reserved 278528K
  class space    used 9007K, committed 9792K, reserved 212992K
}
Event: 11.841 GC heap after
{Heap after GC invocations=22 (full 0):
 garbage-first heap   total 76800K, used 39759K [0x00000000c0000000, 0x0000000100000000)
  region size 1024K, 2 young (2048K), 2 survivors (2048K)
 Metaspace       used 63295K, committed 64896K, reserved 278528K
  class space    used 9007K, committed 9792K, reserved 212992K
}
Event: 12.313 GC heap before
{Heap before GC invocations=23 (full 0):
 garbage-first heap   total 76800K, used 69455K [0x00000000c0000000, 0x0000000100000000)
  region size 1024K, 31 young (31744K), 2 survivors (2048K)
 Metaspace       used 67668K, committed 69184K, reserved 278528K
  class space    used 9537K, committed 10304K, reserved 212992K
}
Event: 12.317 GC heap after
{Heap after GC invocations=24 (full 0):
 garbage-first heap   total 76800K, used 40367K [0x00000000c0000000, 0x0000000100000000)
  region size 1024K, 3 young (3072K), 3 survivors (3072K)
 Metaspace       used 67668K, committed 69184K, reserved 278528K
  class space    used 9537K, committed 10304K, reserved 212992K
}
Event: 12.707 GC heap before
{Heap before GC invocations=24 (full 0):
 garbage-first heap   total 76800K, used 68015K [0x00000000c0000000, 0x0000000100000000)
  region size 1024K, 30 young (30720K), 3 survivors (3072K)
 Metaspace       used 71980K, committed 73600K, reserved 278528K
  class space    used 10066K, committed 10880K, reserved 212992K
}
Event: 12.714 GC heap after
{Heap after GC invocations=25 (full 0):
 garbage-first heap   total 76800K, used 39733K [0x00000000c0000000, 0x0000000100000000)
  region size 1024K, 2 young (2048K), 2 survivors (2048K)
 Metaspace       used 71980K, committed 73600K, reserved 278528K
  class space    used 10066K, committed 10880K, reserved 212992K
}
Event: 12.799 GC heap before
{Heap before GC invocations=25 (full 0):
 garbage-first heap   total 76800K, used 44853K [0x00000000c0000000, 0x0000000100000000)
  region size 1024K, 8 young (8192K), 2 survivors (2048K)
 Metaspace       used 72874K, committed 74560K, reserved 278528K
  class space    used 10191K, committed 11008K, reserved 212992K
}
Event: 12.804 GC heap after
{Heap after GC invocations=26 (full 0):
 garbage-first heap   total 76800K, used 39922K [0x00000000c0000000, 0x0000000100000000)
  region size 1024K, 3 young (3072K), 3 survivors (3072K)
 Metaspace       used 72874K, committed 74560K, reserved 278528K
  class space    used 10191K, committed 11008K, reserved 212992K
}
Event: 13.082 GC heap before
{Heap before GC invocations=27 (full 0):
 garbage-first heap   total 80896K, used 74738K [0x00000000c0000000, 0x0000000100000000)
  region size 1024K, 30 young (30720K), 3 survivors (3072K)
 Metaspace       used 73211K, committed 74880K, reserved 278528K
  class space    used 10198K, committed 11008K, reserved 212992K
}
Event: 13.104 GC heap after
{Heap after GC invocations=28 (full 0):
 garbage-first heap   total 88064K, used 56732K [0x00000000c0000000, 0x0000000100000000)
  region size 1024K, 4 young (4096K), 4 survivors (4096K)
 Metaspace       used 73211K, committed 74880K, reserved 278528K
  class space    used 10198K, committed 11008K, reserved 212992K
}
Event: 13.363 GC heap before
{Heap before GC invocations=28 (full 0):
 garbage-first heap   total 88064K, used 77212K [0x00000000c0000000, 0x0000000100000000)
  region size 1024K, 24 young (24576K), 4 survivors (4096K)
 Metaspace       used 74154K, committed 75776K, reserved 278528K
  class space    used 10334K, committed 11136K, reserved 212992K
}
Event: 13.378 GC heap after
{Heap after GC invocations=29 (full 0):
 garbage-first heap   total 88064K, used 52512K [0x00000000c0000000, 0x0000000100000000)
  region size 1024K, 3 young (3072K), 3 survivors (3072K)
 Metaspace       used 74154K, committed 75776K, reserved 278528K
  class space    used 10334K, committed 11136K, reserved 212992K
}
Event: 13.679 GC heap before
{Heap before GC invocations=29 (full 0):
 garbage-first heap   total 88064K, used 74016K [0x00000000c0000000, 0x0000000100000000)
  region size 1024K, 25 young (25600K), 3 survivors (3072K)
 Metaspace       used 77329K, committed 78912K, reserved 344064K
  class space    used 10675K, committed 11456K, reserved 212992K
}

