# JRE version: OpenJDK Runtime Environment (21.0.6) (build 21.0.6+-13368085-b895.109)
# Java VM: OpenJDK 64-Bit Server VM (21.0.6+-13368085-b895.109, mixed mode, tiered, compressed oops, compressed class ptrs, g1 gc, windows-amd64)
GC Precious Log:
 CardTable entry size: 512
 Card Set container configuration: InlinePtr #cards 5 size 8 Array Of Cards #cards 12 size 40 Howl #buckets 4 coarsen threshold 1843 Howl Bitmap #cards 512 size 80 coarsen threshold 460 Card regions per heap region 1 cards per card region 2048
 CPUs: 4 total, 4 available
 Memory: 3961M
 Large Page Support: Disabled
 NUMA Support: Disabled
 Compressed Oops: Enabled (32-bit)
 Heap Region Size: 1M
 Heap Min Capacity: 8M
 Heap Initial Capacity: 62M
 Heap Max Capacity: 1G
 Pre-touch: Disabled
 Parallel Workers: 4
 Concurrent Workers: 1
 Concurrent Refinement Workers: 4
 Periodic GC: Disabled
Heap:
 garbage-first heap   total 152576K, used 90112K [0x00000000c0000000, 0x0000000100000000)
  region size 1024K, 7 young (7168K), 7 survivors (7168K)
 Metaspace       used 123793K, committed 125824K, reserved 344064K
  class space    used 15559K, committed 16576K, reserved 212992K
GC Heap History (20 events):
Event: 15.752 GC heap after
{Heap after GC invocations=31 (full 0):
 garbage-first heap   total 129024K, used 72043K [0x00000000c0000000, 0x0000000100000000)
  region size 1024K, 7 young (7168K), 7 survivors (7168K)
 Metaspace       used 91420K, committed 93120K, reserved 344064K
  class space    used 11891K, committed 12736K, reserved 212992K
}
Event: 16.580 GC heap before
{Heap before GC invocations=31 (full 0):
 garbage-first heap   total 129024K, used 111979K [0x00000000c0000000, 0x0000000100000000)
  region size 1024K, 47 young (48128K), 7 survivors (7168K)
 Metaspace       used 95990K, committed 97664K, reserved 344064K
  class space    used 12349K, committed 13184K, reserved 212992K
}
Event: 16.594 GC heap after
{Heap after GC invocations=32 (full 0):
 garbage-first heap   total 129024K, used 74951K [0x00000000c0000000, 0x0000000100000000)
  region size 1024K, 4 young (4096K), 4 survivors (4096K)
 Metaspace       used 95990K, committed 97664K, reserved 344064K
  class space    used 12349K, committed 13184K, reserved 212992K
}
Event: 17.216 GC heap before
{Heap before GC invocations=32 (full 0):
 garbage-first heap   total 129024K, used 115911K [0x00000000c0000000, 0x0000000100000000)
  region size 1024K, 44 young (45056K), 4 survivors (4096K)
 Metaspace       used 101399K, committed 103040K, reserved 344064K
  class space    used 12972K, committed 13824K, reserved 212992K
}
Event: 17.224 GC heap after
{Heap after GC invocations=33 (full 0):
 garbage-first heap   total 129024K, used 76870K [0x00000000c0000000, 0x0000000100000000)
  region size 1024K, 6 young (6144K), 6 survivors (6144K)
 Metaspace       used 101399K, committed 103040K, reserved 344064K
  class space    used 12972K, committed 13824K, reserved 212992K
}
Event: 17.741 GC heap before
{Heap before GC invocations=34 (full 0):
 garbage-first heap   total 130048K, used 114758K [0x00000000c0000000, 0x0000000100000000)
  region size 1024K, 43 young (44032K), 6 survivors (6144K)
 Metaspace       used 107885K, committed 109504K, reserved 344064K
  class space    used 13573K, committed 14400K, reserved 212992K
}
Event: 17.749 GC heap after
{Heap after GC invocations=35 (full 0):
 garbage-first heap   total 130048K, used 77324K [0x00000000c0000000, 0x0000000100000000)
  region size 1024K, 3 young (3072K), 3 survivors (3072K)
 Metaspace       used 107885K, committed 109504K, reserved 344064K
  class space    used 13573K, committed 14400K, reserved 212992K
}
Event: 18.423 GC heap before
{Heap before GC invocations=35 (full 0):
 garbage-first heap   total 130048K, used 118284K [0x00000000c0000000, 0x0000000100000000)
  region size 1024K, 44 young (45056K), 3 survivors (3072K)
 Metaspace       used 114353K, committed 116032K, reserved 344064K
  class space    used 14190K, committed 15040K, reserved 212992K
}
Event: 18.430 GC heap after
{Heap after GC invocations=36 (full 0):
 garbage-first heap   total 130048K, used 77300K [0x00000000c0000000, 0x0000000100000000)
  region size 1024K, 3 young (3072K), 3 survivors (3072K)
 Metaspace       used 114353K, committed 116032K, reserved 344064K
  class space    used 14190K, committed 15040K, reserved 212992K
}
Event: 19.058 GC heap before
{Heap before GC invocations=36 (full 0):
 garbage-first heap   total 130048K, used 119284K [0x00000000c0000000, 0x0000000100000000)
  region size 1024K, 44 young (45056K), 3 survivors (3072K)
 Metaspace       used 117491K, committed 119296K, reserved 344064K
  class space    used 14728K, committed 15616K, reserved 212992K
}
Event: 19.065 GC heap after
{Heap after GC invocations=37 (full 0):
 garbage-first heap   total 130048K, used 79138K [0x00000000c0000000, 0x0000000100000000)
  region size 1024K, 5 young (5120K), 5 survivors (5120K)
 Metaspace       used 117491K, committed 119296K, reserved 344064K
  class space    used 14728K, committed 15616K, reserved 212992K
}
Event: 19.345 GC heap before
{Heap before GC invocations=38 (full 0):
 garbage-first heap   total 133120K, used 118050K [0x00000000c0000000, 0x0000000100000000)
  region size 1024K, 42 young (43008K), 5 survivors (5120K)
 Metaspace       used 117646K, committed 119424K, reserved 344064K
  class space    used 14730K, committed 15616K, reserved 212992K
}
Event: 19.357 GC heap after
{Heap after GC invocations=39 (full 0):
 garbage-first heap   total 133120K, used 83380K [0x00000000c0000000, 0x0000000100000000)
  region size 1024K, 6 young (6144K), 6 survivors (6144K)
 Metaspace       used 117646K, committed 119424K, reserved 344064K
  class space    used 14730K, committed 15616K, reserved 212992K
}
Event: 19.843 GC heap before
{Heap before GC invocations=39 (full 0):
 garbage-first heap   total 133120K, used 119220K [0x00000000c0000000, 0x0000000100000000)
  region size 1024K, 41 young (41984K), 6 survivors (6144K)
 Metaspace       used 118114K, committed 119936K, reserved 344064K
  class space    used 14751K, committed 15680K, reserved 212992K
}
Event: 19.859 GC heap after
{Heap after GC invocations=40 (full 0):
 garbage-first heap   total 133120K, used 87501K [0x00000000c0000000, 0x0000000100000000)
  region size 1024K, 5 young (5120K), 5 survivors (5120K)
 Metaspace       used 118114K, committed 119936K, reserved 344064K
  class space    used 14751K, committed 15680K, reserved 212992K
}
Event: 20.499 GC heap before
{Heap before GC invocations=40 (full 0):
 garbage-first heap   total 133120K, used 120269K [0x00000000c0000000, 0x0000000100000000)
  region size 1024K, 37 young (37888K), 5 survivors (5120K)
 Metaspace       used 121060K, committed 123008K, reserved 344064K
  class space    used 15228K, committed 16192K, reserved 212992K
}
Event: 20.511 GC heap after
{Heap after GC invocations=41 (full 0):
 garbage-first heap   total 133120K, used 90407K [0x00000000c0000000, 0x0000000100000000)
  region size 1024K, 3 young (3072K), 3 survivors (3072K)
 Metaspace       used 121060K, committed 123008K, reserved 344064K
  class space    used 15228K, committed 16192K, reserved 212992K
}
Event: 21.032 GC heap before
{Heap before GC invocations=42 (full 0):
 garbage-first heap   total 152576K, used 121127K [0x00000000c0000000, 0x0000000100000000)
  region size 1024K, 33 young (33792K), 3 survivors (3072K)
 Metaspace       used 123742K, committed 125760K, reserved 344064K
  class space    used 15559K, committed 16576K, reserved 212992K
}
Event: 21.040 GC heap after
{Heap after GC invocations=43 (full 0):
 garbage-first heap   total 152576K, used 92998K [0x00000000c0000000, 0x0000000100000000)
  region size 1024K, 5 young (5120K), 5 survivors (5120K)
 Metaspace       used 123742K, committed 125760K, reserved 344064K
  class space    used 15559K, committed 16576K, reserved 212992K
}
Event: 21.235 GC heap before
{Heap before GC invocations=43 (full 0):
 garbage-first heap   total 152576K, used 140102K [0x00000000c0000000, 0x0000000100000000)
  region size 1024K, 50 young (51200K), 5 survivors (5120K)
 Metaspace       used 123793K, committed 125824K, reserved 344064K
  class space    used 15559K, committed 16576K, reserved 212992K
}

