# JRE version: OpenJDK Runtime Environment (21.0.6) (build 21.0.6+-13368085-b895.109)
# Java VM: OpenJDK 64-Bit Server VM (21.0.6+-13368085-b895.109, mixed mode, tiered, compressed oops, compressed class ptrs, g1 gc, windows-amd64)
GC Precious Log:
 CardTable entry size: 512
 Card Set container configuration: InlinePtr #cards 5 size 8 Array Of Cards #cards 12 size 40 Howl #buckets 4 coarsen threshold 1843 Howl Bitmap #cards 512 size 80 coarsen threshold 460 Card regions per heap region 1 cards per card region 2048
 CPUs: 4 total, 4 available
 Memory: 3961M
 Large Page Support: Disabled
 NUMA Support: Disabled
 Compressed Oops: Enabled (32-bit)
 Heap Region Size: 1M
 Heap Min Capacity: 8M
 Heap Initial Capacity: 62M
 Heap Max Capacity: 1536M
 Pre-touch: Disabled
 Parallel Workers: 4
 Concurrent Workers: 1
 Concurrent Refinement Workers: 4
 Periodic GC: Disabled
Heap:
 garbage-first heap   total 76800K, used 64933K [0x00000000a0000000, 0x0000000100000000)
  region size 1024K, 34 young (34816K), 3 survivors (3072K)
 Metaspace       used 52404K, committed 53888K, reserved 491520K
  class space    used 6992K, committed 7744K, reserved 425984K
GC Heap History (20 events):
Event: 4.633 GC heap before
{Heap before GC invocations=4 (full 0):
 garbage-first heap   total 63488K, used 38822K [0x00000000a0000000, 0x0000000100000000)
  region size 1024K, 27 young (27648K), 5 survivors (5120K)
 Metaspace       used 21210K, committed 21504K, reserved 491520K
  class space    used 2444K, committed 2624K, reserved 425984K
}
Event: 4.642 GC heap after
{Heap after GC invocations=5 (full 0):
 garbage-first heap   total 63488K, used 19972K [0x00000000a0000000, 0x0000000100000000)
  region size 1024K, 3 young (3072K), 3 survivors (3072K)
 Metaspace       used 21210K, committed 21504K, reserved 491520K
  class space    used 2444K, committed 2624K, reserved 425984K
}
Event: 5.908 GC heap before
{Heap before GC invocations=6 (full 0):
 garbage-first heap   total 63488K, used 48644K [0x00000000a0000000, 0x0000000100000000)
  region size 1024K, 31 young (31744K), 3 survivors (3072K)
 Metaspace       used 26468K, committed 27008K, reserved 491520K
  class space    used 3239K, committed 3456K, reserved 425984K
}
Event: 5.914 GC heap after
{Heap after GC invocations=7 (full 0):
 garbage-first heap   total 63488K, used 21544K [0x00000000a0000000, 0x0000000100000000)
  region size 1024K, 2 young (2048K), 2 survivors (2048K)
 Metaspace       used 26468K, committed 27008K, reserved 491520K
  class space    used 3239K, committed 3456K, reserved 425984K
}
Event: 6.801 GC heap before
{Heap before GC invocations=7 (full 0):
 garbage-first heap   total 63488K, used 51240K [0x00000000a0000000, 0x0000000100000000)
  region size 1024K, 31 young (31744K), 2 survivors (2048K)
 Metaspace       used 30268K, committed 30976K, reserved 491520K
  class space    used 3887K, committed 4224K, reserved 425984K
}
Event: 6.807 GC heap after
{Heap after GC invocations=8 (full 0):
 garbage-first heap   total 63488K, used 23727K [0x00000000a0000000, 0x0000000100000000)
  region size 1024K, 4 young (4096K), 4 survivors (4096K)
 Metaspace       used 30268K, committed 30976K, reserved 491520K
  class space    used 3887K, committed 4224K, reserved 425984K
}
Event: 7.594 GC heap before
{Heap before GC invocations=8 (full 0):
 garbage-first heap   total 63488K, used 52399K [0x00000000a0000000, 0x0000000100000000)
  region size 1024K, 32 young (32768K), 4 survivors (4096K)
 Metaspace       used 34421K, committed 35328K, reserved 491520K
  class space    used 4558K, committed 4992K, reserved 425984K
}
Event: 7.601 GC heap after
{Heap after GC invocations=9 (full 0):
 garbage-first heap   total 63488K, used 25379K [0x00000000a0000000, 0x0000000100000000)
  region size 1024K, 2 young (2048K), 2 survivors (2048K)
 Metaspace       used 34421K, committed 35328K, reserved 491520K
  class space    used 4558K, committed 4992K, reserved 425984K
}
Event: 7.763 GC heap before
{Heap before GC invocations=9 (full 0):
 garbage-first heap   total 63488K, used 31523K [0x00000000a0000000, 0x0000000100000000)
  region size 1024K, 9 young (9216K), 2 survivors (2048K)
 Metaspace       used 35349K, committed 36160K, reserved 491520K
  class space    used 4695K, committed 5120K, reserved 425984K
}
Event: 7.767 GC heap after
{Heap after GC invocations=10 (full 0):
 garbage-first heap   total 63488K, used 25701K [0x00000000a0000000, 0x0000000100000000)
  region size 1024K, 3 young (3072K), 3 survivors (3072K)
 Metaspace       used 35349K, committed 36160K, reserved 491520K
  class space    used 4695K, committed 5120K, reserved 425984K
}
Event: 8.810 GC heap before
{Heap before GC invocations=11 (full 0):
 garbage-first heap   total 63488K, used 54373K [0x00000000a0000000, 0x0000000100000000)
  region size 1024K, 32 young (32768K), 3 survivors (3072K)
 Metaspace       used 41832K, committed 42688K, reserved 491520K
  class space    used 5408K, committed 5824K, reserved 425984K
}
Event: 8.817 GC heap after
{Heap after GC invocations=12 (full 0):
 garbage-first heap   total 63488K, used 29144K [0x00000000a0000000, 0x0000000100000000)
  region size 1024K, 4 young (4096K), 4 survivors (4096K)
 Metaspace       used 41832K, committed 42688K, reserved 491520K
  class space    used 5408K, committed 5824K, reserved 425984K
}
Event: 9.152 GC heap before
{Heap before GC invocations=12 (full 0):
 garbage-first heap   total 63488K, used 53720K [0x00000000a0000000, 0x0000000100000000)
  region size 1024K, 29 young (29696K), 4 survivors (4096K)
 Metaspace       used 43151K, committed 44096K, reserved 491520K
  class space    used 5600K, committed 6080K, reserved 425984K
}
Event: 9.163 GC heap after
{Heap after GC invocations=13 (full 0):
 garbage-first heap   total 63488K, used 31807K [0x00000000a0000000, 0x0000000100000000)
  region size 1024K, 3 young (3072K), 3 survivors (3072K)
 Metaspace       used 43151K, committed 44096K, reserved 491520K
  class space    used 5600K, committed 6080K, reserved 425984K
}
Event: 9.169 GC heap before
{Heap before GC invocations=13 (full 0):
 garbage-first heap   total 63488K, used 31807K [0x00000000a0000000, 0x0000000100000000)
  region size 1024K, 5 young (5120K), 3 survivors (3072K)
 Metaspace       used 43155K, committed 44096K, reserved 491520K
  class space    used 5600K, committed 6080K, reserved 425984K
}
Event: 9.172 GC heap after
{Heap after GC invocations=14 (full 0):
 garbage-first heap   total 63488K, used 32529K [0x00000000a0000000, 0x0000000100000000)
  region size 1024K, 1 young (1024K), 1 survivors (1024K)
 Metaspace       used 43155K, committed 44096K, reserved 491520K
  class space    used 5600K, committed 6080K, reserved 425984K
}
Event: 9.448 GC heap before
{Heap before GC invocations=15 (full 0):
 garbage-first heap   total 63488K, used 58129K [0x00000000a0000000, 0x0000000100000000)
  region size 1024K, 24 young (24576K), 1 survivors (1024K)
 Metaspace       used 44322K, committed 45248K, reserved 491520K
  class space    used 5667K, committed 6144K, reserved 425984K
}
Event: 9.450 GC heap after
{Heap after GC invocations=16 (full 0):
 garbage-first heap   total 76800K, used 31984K [0x00000000a0000000, 0x0000000100000000)
  region size 1024K, 1 young (1024K), 1 survivors (1024K)
 Metaspace       used 44322K, committed 45248K, reserved 491520K
  class space    used 5667K, committed 6144K, reserved 425984K
}
Event: 10.585 GC heap before
{Heap before GC invocations=16 (full 0):
 garbage-first heap   total 76800K, used 68848K [0x00000000a0000000, 0x0000000100000000)
  region size 1024K, 37 young (37888K), 1 survivors (1024K)
 Metaspace       used 48252K, committed 49536K, reserved 491520K
  class space    used 6335K, committed 6976K, reserved 425984K
}
Event: 10.594 GC heap after
{Heap after GC invocations=17 (full 0):
 garbage-first heap   total 76800K, used 34213K [0x00000000a0000000, 0x0000000100000000)
  region size 1024K, 3 young (3072K), 3 survivors (3072K)
 Metaspace       used 48252K, committed 49536K, reserved 491520K
  class space    used 6335K, committed 6976K, reserved 425984K
}

