# JRE version: OpenJDK Runtime Environment (21.0.6) (build 21.0.6+-13368085-b895.109)
# Java VM: OpenJDK 64-Bit Server VM (21.0.6+-13368085-b895.109, mixed mode, tiered, compressed oops, compressed class ptrs, g1 gc, windows-amd64)
GC Precious Log:
 CardTable entry size: 512
 Card Set container configuration: InlinePtr #cards 5 size 8 Array Of Cards #cards 12 size 40 Howl #buckets 4 coarsen threshold 1843 Howl Bitmap #cards 512 size 80 coarsen threshold 460 Card regions per heap region 1 cards per card region 2048
 CPUs: 4 total, 4 available
 Memory: 3961M
 Large Page Support: Disabled
 NUMA Support: Disabled
 Compressed Oops: Enabled (32-bit)
 Heap Region Size: 1M
 Heap Min Capacity: 8M
 Heap Initial Capacity: 62M
 Heap Max Capacity: 1G
 Pre-touch: Disabled
 Parallel Workers: 4
 Concurrent Workers: 1
 Concurrent Refinement Workers: 4
 Periodic GC: Disabled
Heap:
 garbage-first heap   total 106496K, used 74870K [0x00000000c0000000, 0x0000000100000000)
  region size 1024K, 14 young (14336K), 5 survivors (5120K)
 Metaspace       used 90853K, committed 92864K, reserved 344064K
  class space    used 12193K, committed 13184K, reserved 212992K
GC Heap History (20 events):
Event: 19.938 GC heap before
{Heap before GC invocations=20 (full 0):
 garbage-first heap   total 76800K, used 67919K [0x00000000c0000000, 0x0000000100000000)
  region size 1024K, 31 young (31744K), 3 survivors (3072K)
 Metaspace       used 66808K, committed 68416K, reserved 278528K
  class space    used 9434K, committed 10240K, reserved 212992K
}
Event: 19.945 GC heap after
{Heap after GC invocations=21 (full 0):
 garbage-first heap   total 76800K, used 40285K [0x00000000c0000000, 0x0000000100000000)
  region size 1024K, 3 young (3072K), 3 survivors (3072K)
 Metaspace       used 66808K, committed 68416K, reserved 278528K
  class space    used 9434K, committed 10240K, reserved 212992K
}
Event: 21.048 GC heap before
{Heap before GC invocations=22 (full 0):
 garbage-first heap   total 76800K, used 67933K [0x00000000c0000000, 0x0000000100000000)
  region size 1024K, 30 young (30720K), 3 survivors (3072K)
 Metaspace       used 70812K, committed 72320K, reserved 278528K
  class space    used 9934K, committed 10688K, reserved 212992K
}
Event: 21.053 GC heap after
{Heap after GC invocations=23 (full 0):
 garbage-first heap   total 76800K, used 40768K [0x00000000c0000000, 0x0000000100000000)
  region size 1024K, 3 young (3072K), 3 survivors (3072K)
 Metaspace       used 70812K, committed 72320K, reserved 278528K
  class space    used 9934K, committed 10688K, reserved 212992K
}
Event: 21.564 GC heap before
{Heap before GC invocations=23 (full 0):
 garbage-first heap   total 76800K, used 74560K [0x00000000c0000000, 0x0000000100000000)
  region size 1024K, 29 young (29696K), 3 survivors (3072K)
 Metaspace       used 73133K, committed 74816K, reserved 278528K
  class space    used 10197K, committed 11008K, reserved 212992K
}
Event: 21.577 GC heap after
{Heap after GC invocations=24 (full 0):
 garbage-first heap   total 81920K, used 51200K [0x00000000c0000000, 0x0000000100000000)
  region size 1024K, 4 young (4096K), 4 survivors (4096K)
 Metaspace       used 73133K, committed 74816K, reserved 278528K
  class space    used 10197K, committed 11008K, reserved 212992K
}
Event: 21.935 GC heap before
{Heap before GC invocations=24 (full 0):
 garbage-first heap   total 81920K, used 72704K [0x00000000c0000000, 0x0000000100000000)
  region size 1024K, 26 young (26624K), 4 survivors (4096K)
 Metaspace       used 73463K, committed 75072K, reserved 278528K
  class space    used 10226K, committed 11008K, reserved 212992K
}
Event: 21.951 GC heap after
{Heap after GC invocations=25 (full 0):
 garbage-first heap   total 84992K, used 51154K [0x00000000c0000000, 0x0000000100000000)
  region size 1024K, 4 young (4096K), 4 survivors (4096K)
 Metaspace       used 73463K, committed 75072K, reserved 278528K
  class space    used 10226K, committed 11008K, reserved 212992K
}
Event: 22.475 GC heap before
{Heap before GC invocations=26 (full 0):
 garbage-first heap   total 86016K, used 72658K [0x00000000c0000000, 0x0000000100000000)
  region size 1024K, 26 young (26624K), 4 survivors (4096K)
 Metaspace       used 75937K, committed 77504K, reserved 344064K
  class space    used 10529K, committed 11328K, reserved 212992K
}
Event: 22.482 GC heap after
{Heap after GC invocations=27 (full 0):
 garbage-first heap   total 86016K, used 52666K [0x00000000c0000000, 0x0000000100000000)
  region size 1024K, 1 young (1024K), 1 survivors (1024K)
 Metaspace       used 75937K, committed 77504K, reserved 344064K
  class space    used 10529K, committed 11328K, reserved 212992K
}
Event: 23.044 GC heap before
{Heap before GC invocations=27 (full 0):
 garbage-first heap   total 86016K, used 82362K [0x00000000c0000000, 0x0000000100000000)
  region size 1024K, 24 young (24576K), 1 survivors (1024K)
 Metaspace       used 78531K, committed 80128K, reserved 344064K
  class space    used 10796K, committed 11584K, reserved 212992K
}
Event: 23.050 GC heap after
{Heap after GC invocations=28 (full 0):
 garbage-first heap   total 88064K, used 61327K [0x00000000c0000000, 0x0000000100000000)
  region size 1024K, 3 young (3072K), 3 survivors (3072K)
 Metaspace       used 78531K, committed 80128K, reserved 344064K
  class space    used 10796K, committed 11584K, reserved 212992K
}
Event: 23.281 GC heap before
{Heap before GC invocations=28 (full 0):
 garbage-first heap   total 88064K, used 78735K [0x00000000c0000000, 0x0000000100000000)
  region size 1024K, 20 young (20480K), 3 survivors (3072K)
 Metaspace       used 80294K, committed 81920K, reserved 344064K
  class space    used 10989K, committed 11776K, reserved 212992K
}
Event: 23.286 GC heap after
{Heap after GC invocations=29 (full 0):
 garbage-first heap   total 88064K, used 62869K [0x00000000c0000000, 0x0000000100000000)
  region size 1024K, 2 young (2048K), 2 survivors (2048K)
 Metaspace       used 80294K, committed 81920K, reserved 344064K
  class space    used 10989K, committed 11776K, reserved 212992K
}
Event: 23.477 GC heap before
{Heap before GC invocations=30 (full 0):
 garbage-first heap   total 106496K, used 78229K [0x00000000c0000000, 0x0000000100000000)
  region size 1024K, 18 young (18432K), 2 survivors (2048K)
 Metaspace       used 82345K, committed 83904K, reserved 344064K
  class space    used 11130K, committed 11904K, reserved 212992K
}
Event: 23.480 GC heap after
{Heap after GC invocations=31 (full 0):
 garbage-first heap   total 106496K, used 63683K [0x00000000c0000000, 0x0000000100000000)
  region size 1024K, 3 young (3072K), 3 survivors (3072K)
 Metaspace       used 82345K, committed 83904K, reserved 344064K
  class space    used 11130K, committed 11904K, reserved 212992K
}
Event: 23.866 GC heap before
{Heap before GC invocations=31 (full 0):
 garbage-first heap   total 106496K, used 95427K [0x00000000c0000000, 0x0000000100000000)
  region size 1024K, 35 young (35840K), 3 survivors (3072K)
 Metaspace       used 86170K, committed 88128K, reserved 344064K
  class space    used 11629K, committed 12608K, reserved 212992K
}
Event: 23.873 GC heap after
{Heap after GC invocations=32 (full 0):
 garbage-first heap   total 106496K, used 64348K [0x00000000c0000000, 0x0000000100000000)
  region size 1024K, 4 young (4096K), 4 survivors (4096K)
 Metaspace       used 86170K, committed 88128K, reserved 344064K
  class space    used 11629K, committed 12608K, reserved 212992K
}
Event: 24.331 GC heap before
{Heap before GC invocations=32 (full 0):
 garbage-first heap   total 106496K, used 94044K [0x00000000c0000000, 0x0000000100000000)
  region size 1024K, 34 young (34816K), 4 survivors (4096K)
 Metaspace       used 89689K, committed 91712K, reserved 344064K
  class space    used 12067K, committed 13120K, reserved 212992K
}
Event: 24.339 GC heap after
{Heap after GC invocations=33 (full 0):
 garbage-first heap   total 106496K, used 66678K [0x00000000c0000000, 0x0000000100000000)
  region size 1024K, 5 young (5120K), 5 survivors (5120K)
 Metaspace       used 89689K, committed 91712K, reserved 344064K
  class space    used 12067K, committed 13120K, reserved 212992K
}

