# JRE version: OpenJDK Runtime Environment (21.0.6) (build 21.0.6+-13368085-b895.109)
# Java VM: OpenJDK 64-Bit Server VM (21.0.6+-13368085-b895.109, mixed mode, tiered, compressed oops, compressed class ptrs, g1 gc, windows-amd64)
GC Precious Log:
 CardTable entry size: 512
 Card Set container configuration: InlinePtr #cards 5 size 8 Array Of Cards #cards 12 size 40 Howl #buckets 4 coarsen threshold 1843 Howl Bitmap #cards 512 size 80 coarsen threshold 460 Card regions per heap region 1 cards per card region 2048
 CPUs: 4 total, 4 available
 Memory: 3961M
 Large Page Support: Disabled
 NUMA Support: Disabled
 Compressed Oops: Enabled (32-bit)
 Heap Region Size: 1M
 Heap Min Capacity: 8M
 Heap Initial Capacity: 62M
 Heap Max Capacity: 1G
 Pre-touch: Disabled
 Parallel Workers: 4
 Concurrent Workers: 1
 Concurrent Refinement Workers: 4
 Periodic GC: Disabled
Heap:
 garbage-first heap   total 198656K, used 89304K [0x00000000c0000000, 0x0000000100000000)
  region size 1024K, 14 young (14336K), 7 survivors (7168K)
 Metaspace       used 101246K, committed 102976K, reserved 344064K
  class space    used 12773K, committed 13632K, reserved 212992K
GC Heap History (20 events):
Event: 29.636 GC heap before
{Heap before GC invocations=79 (full 0):
 garbage-first heap   total 230400K, used 202708K [0x00000000c0000000, 0x0000000100000000)
  region size 1024K, 135 young (138240K), 7 survivors (7168K)
 Metaspace       used 52251K, committed 53440K, reserved 278528K
  class space    used 6630K, committed 7232K, reserved 212992K
}
Event: 29.644 GC heap after
{Heap after GC invocations=80 (full 0):
 garbage-first heap   total 230400K, used 73288K [0x00000000c0000000, 0x0000000100000000)
  region size 1024K, 9 young (9216K), 9 survivors (9216K)
 Metaspace       used 52251K, committed 53440K, reserved 278528K
  class space    used 6630K, committed 7232K, reserved 212992K
}
Event: 29.960 GC heap before
{Heap before GC invocations=80 (full 0):
 garbage-first heap   total 230400K, used 202312K [0x00000000c0000000, 0x0000000100000000)
  region size 1024K, 135 young (138240K), 9 survivors (9216K)
 Metaspace       used 52251K, committed 53440K, reserved 278528K
  class space    used 6630K, committed 7232K, reserved 212992K
}
Event: 29.971 GC heap after
{Heap after GC invocations=81 (full 0):
 garbage-first heap   total 230400K, used 75550K [0x00000000c0000000, 0x0000000100000000)
  region size 1024K, 10 young (10240K), 10 survivors (10240K)
 Metaspace       used 52251K, committed 53440K, reserved 278528K
  class space    used 6630K, committed 7232K, reserved 212992K
}
Event: 30.652 GC heap before
{Heap before GC invocations=81 (full 0):
 garbage-first heap   total 230400K, used 204574K [0x00000000c0000000, 0x0000000100000000)
  region size 1024K, 135 young (138240K), 10 survivors (10240K)
 Metaspace       used 52359K, committed 53568K, reserved 278528K
  class space    used 6647K, committed 7232K, reserved 212992K
}
Event: 30.656 GC heap after
{Heap after GC invocations=82 (full 0):
 garbage-first heap   total 230400K, used 61030K [0x00000000c0000000, 0x0000000100000000)
  region size 1024K, 2 young (2048K), 2 survivors (2048K)
 Metaspace       used 52359K, committed 53568K, reserved 278528K
  class space    used 6647K, committed 7232K, reserved 212992K
}
Event: 31.118 GC heap before
{Heap before GC invocations=82 (full 0):
 garbage-first heap   total 230400K, used 203366K [0x00000000c0000000, 0x0000000100000000)
  region size 1024K, 135 young (138240K), 2 survivors (2048K)
 Metaspace       used 52365K, committed 53568K, reserved 278528K
  class space    used 6647K, committed 7232K, reserved 212992K
}
Event: 31.120 GC heap after
{Heap after GC invocations=83 (full 0):
 garbage-first heap   total 230400K, used 60147K [0x00000000c0000000, 0x0000000100000000)
  region size 1024K, 1 young (1024K), 1 survivors (1024K)
 Metaspace       used 52365K, committed 53568K, reserved 278528K
  class space    used 6647K, committed 7232K, reserved 212992K
}
Event: 32.100 GC heap before
{Heap before GC invocations=83 (full 0):
 garbage-first heap   total 230400K, used 198387K [0x00000000c0000000, 0x0000000100000000)
  region size 1024K, 135 young (138240K), 1 survivors (1024K)
 Metaspace       used 58319K, committed 59520K, reserved 278528K
  class space    used 7884K, committed 8512K, reserved 212992K
}
Event: 32.104 GC heap after
{Heap after GC invocations=84 (full 0):
 garbage-first heap   total 230400K, used 61036K [0x00000000c0000000, 0x0000000100000000)
  region size 1024K, 2 young (2048K), 2 survivors (2048K)
 Metaspace       used 58319K, committed 59520K, reserved 278528K
  class space    used 7884K, committed 8512K, reserved 212992K
}
Event: 32.194 GC heap before
{Heap before GC invocations=84 (full 0):
 garbage-first heap   total 230400K, used 67180K [0x00000000c0000000, 0x0000000100000000)
  region size 1024K, 9 young (9216K), 2 survivors (2048K)
 Metaspace       used 59304K, committed 60480K, reserved 278528K
  class space    used 8004K, committed 8576K, reserved 212992K
}
Event: 32.199 GC heap after
{Heap after GC invocations=85 (full 0):
 garbage-first heap   total 230400K, used 61113K [0x00000000c0000000, 0x0000000100000000)
  region size 1024K, 2 young (2048K), 2 survivors (2048K)
 Metaspace       used 59304K, committed 60480K, reserved 278528K
  class space    used 8004K, committed 8576K, reserved 212992K
}
Event: 33.996 GC heap before
{Heap before GC invocations=86 (full 0):
 garbage-first heap   total 194560K, used 179897K [0x00000000c0000000, 0x0000000100000000)
  region size 1024K, 114 young (116736K), 2 survivors (2048K)
 Metaspace       used 71501K, committed 72832K, reserved 278528K
  class space    used 9507K, committed 10176K, reserved 212992K
}
Event: 34.017 GC heap after
{Heap after GC invocations=87 (full 0):
 garbage-first heap   total 196608K, used 70820K [0x00000000c0000000, 0x0000000100000000)
  region size 1024K, 15 young (15360K), 15 survivors (15360K)
 Metaspace       used 71501K, committed 72832K, reserved 278528K
  class space    used 9507K, committed 10176K, reserved 212992K
}
Event: 35.520 GC heap before
{Heap before GC invocations=87 (full 0):
 garbage-first heap   total 196608K, used 175268K [0x00000000c0000000, 0x0000000100000000)
  region size 1024K, 110 young (112640K), 15 survivors (15360K)
 Metaspace       used 83633K, committed 85312K, reserved 344064K
  class space    used 10824K, committed 11648K, reserved 212992K
}
Event: 35.545 GC heap after
{Heap after GC invocations=88 (full 0):
 garbage-first heap   total 198656K, used 69621K [0x00000000c0000000, 0x0000000100000000)
  region size 1024K, 7 young (7168K), 7 survivors (7168K)
 Metaspace       used 83633K, committed 85312K, reserved 344064K
  class space    used 10824K, committed 11648K, reserved 212992K
}
Event: 36.997 GC heap before
{Heap before GC invocations=88 (full 0):
 garbage-first heap   total 198656K, used 180213K [0x00000000c0000000, 0x0000000100000000)
  region size 1024K, 114 young (116736K), 7 survivors (7168K)
 Metaspace       used 93340K, committed 95040K, reserved 344064K
  class space    used 11963K, committed 12800K, reserved 212992K
}
Event: 37.013 GC heap after
{Heap after GC invocations=89 (full 0):
 garbage-first heap   total 198656K, used 76626K [0x00000000c0000000, 0x0000000100000000)
  region size 1024K, 14 young (14336K), 14 survivors (14336K)
 Metaspace       used 93340K, committed 95040K, reserved 344064K
  class space    used 11963K, committed 12800K, reserved 212992K
}
Event: 38.395 GC heap before
{Heap before GC invocations=89 (full 0):
 garbage-first heap   total 198656K, used 150354K [0x00000000c0000000, 0x0000000100000000)
  region size 1024K, 87 young (89088K), 14 survivors (14336K)
 Metaspace       used 100411K, committed 102080K, reserved 344064K
  class space    used 12708K, committed 13568K, reserved 212992K
}
Event: 38.417 GC heap after
{Heap after GC invocations=90 (full 0):
 garbage-first heap   total 198656K, used 83160K [0x00000000c0000000, 0x0000000100000000)
  region size 1024K, 7 young (7168K), 7 survivors (7168K)
 Metaspace       used 100411K, committed 102080K, reserved 344064K
  class space    used 12708K, committed 13568K, reserved 212992K
}

